<?xml version="1.0" encoding="UTF-8"?>
<testng-results skipped="0" failed="0" total="1" passed="1">
  <reporter-output>
  </reporter-output>
  <suite name="Default suite" duration-ms="197716" started-at="2020-12-08T18:49:04Z" finished-at="2020-12-08T18:52:22Z">
    <groups>
      <group name="cucumber">
        <method signature="AbstractTestNGCucumberTests.feature(cucumber.api.testng.CucumberFeatureWrapper)[pri:0, instance:com.testrunner.Test_runnerwithTestng@5f2050f6]" name="feature" class="cucumber.api.testng.AbstractTestNGCucumberTests"/>
      </group> <!-- cucumber -->
    </groups>
    <test name="Default test" duration-ms="197716" started-at="2020-12-08T18:49:04Z" finished-at="2020-12-08T18:52:22Z">
      <class name="com.testrunner.Test_runnerwithTestng">
        <test-method status="PASS" signature="setUpClass()[pri:0, instance:com.testrunner.Test_runnerwithTestng@5f2050f6]" name="setUpClass" is-config="true" duration-ms="816" started-at="2020-12-09T00:19:04Z" finished-at="2020-12-09T00:19:05Z">
          <reporter-output>
          </reporter-output>
        </test-method> <!-- setUpClass -->
        <test-method status="PASS" signature="feature(cucumber.api.testng.CucumberFeatureWrapper)[pri:0, instance:com.testrunner.Test_runnerwithTestng@5f2050f6]" name="feature" duration-ms="196411" started-at="2020-12-09T00:19:06Z" description="Runs Cucumber Feature" data-provider="features" finished-at="2020-12-09T00:22:22Z">
          <params>
            <param index="0">
              <value>
                <![CDATA[OrangeHRM]]>
              </value>
            </param>
          </params>
          <reporter-output>
          </reporter-output>
        </test-method> <!-- feature -->
        <test-method status="PASS" signature="tearDownClass()[pri:0, instance:com.testrunner.Test_runnerwithTestng@5f2050f6]" name="tearDownClass" is-config="true" duration-ms="87" started-at="2020-12-09T00:22:22Z" finished-at="2020-12-09T00:22:22Z">
          <reporter-output>
          </reporter-output>
        </test-method> <!-- tearDownClass -->
      </class> <!-- com.testrunner.Test_runnerwithTestng -->
    </test> <!-- Default test -->
  </suite> <!-- Default suite -->
</testng-results>
